<?xml version="1.0" encoding="UTF-8"?>
<!-- Generated by org.testng.reporters.JUnitReportReporter -->
<testsuite hostname="DESKTOP-RFAFP7D" failures="0" tests="2" name="com.testannotations.TestAnnotations" time="0.008" errors="0" timestamp="2022-03-16T11:30:36 IST" skipped="0">
  <testcase classname="com.testannotations.TestAnnotations" name="Test1" time="0.006"/>
  <system-out/>
  <testcase classname="com.testannotations.TestAnnotations" name="Test2" time="0.002"/>
  <system-out/>
</testsuite> <!-- com.testannotations.TestAnnotations -->
